Starting ChromeDriver 80.0.3987.16 (320f6526c1632ad4f205ebce69b99a062ed78647-refs/branch-heads/3987@{#185}) on port 9515
Only local connections are allowed.
Please protect ports used by ChromeDriver and related test frameworks to prevent access by malicious code.
[1588793329.820][WARNING]: This version of ChromeDriver has not been tested with Chrome version 81.
[1588793333.632][SEVERE]: Timed out receiving message from renderer: 0.100
[1588793335.001][SEVERE]: Timed out receiving message from renderer: 0.100
[1588793335.105][SEVERE]: Timed out receiving message from renderer: 0.100
[1588793335.208][SEVERE]: Timed out receiving message from renderer: 0.100
[1588793335.309][SEVERE]: Timed out receiving message from renderer: 0.100
[1588793335.413][SEVERE]: Timed out receiving message from renderer: 0.100
[1588793335.515][SEVERE]: Timed out receiving message from renderer: 0.100
[1588793335.618][SEVERE]: Timed out receiving message from renderer: 0.100
[1588793335.720][SEVERE]: Timed out receiving message from renderer: 0.100
[1588793335.920][SEVERE]: Timed out receiving message from renderer: 0.100
[1588793336.022][SEVERE]: Timed out receiving message from renderer: 0.100
[1588793336.124][SEVERE]: Timed out receiving message from renderer: 0.100
[1588793336.226][SEVERE]: Timed out receiving message from renderer: 0.100
[1588793336.329][SEVERE]: Timed out receiving message from renderer: 0.100
[1588793336.432][SEVERE]: Timed out receiving message from renderer: 0.100
[1588793336.534][SEVERE]: Timed out receiving message from renderer: 0.100
[1588793336.635][SEVERE]: Timed out receiving message from renderer: 0.100
[1588793336.737][SEVERE]: Timed out receiving message from renderer: 0.100
[1588793336.839][SEVERE]: Timed out receiving message from renderer: 0.100
[1588793336.941][SEVERE]: Timed out receiving message from renderer: 0.100
[1588793337.043][SEVERE]: Timed out receiving message from renderer: 0.100
[1588793337.146][SEVERE]: Timed out receiving message from renderer: 0.100
[1588793337.249][SEVERE]: Timed out receiving message from renderer: 0.100
[1588793337.352][SEVERE]: Timed out receiving message from renderer: 0.100
[1588793337.454][SEVERE]: Timed out receiving message from renderer: 0.100
[1588793337.557][SEVERE]: Timed out receiving message from renderer: 0.100
[1588793337.659][SEVERE]: Timed out receiving message from renderer: 0.100
[1588793337.761][SEVERE]: Timed out receiving message from renderer: 0.100
[1588793337.863][SEVERE]: Timed out receiving message from renderer: 0.100
[1588793337.965][SEVERE]: Timed out receiving message from renderer: 0.100
[1588793338.068][SEVERE]: Timed out receiving message from renderer: 0.100
[1588793338.170][SEVERE]: Timed out receiving message from renderer: 0.100
[1588793338.272][SEVERE]: Timed out receiving message from renderer: 0.100
[1588793338.374][SEVERE]: Timed out receiving message from renderer: 0.100
[1588793338.477][SEVERE]: Timed out receiving message from renderer: 0.100
[1588793338.578][SEVERE]: Timed out receiving message from renderer: 0.100
[1588793338.681][SEVERE]: Timed out receiving message from renderer: 0.100
[1588793338.783][SEVERE]: Timed out receiving message from renderer: 0.100
[1588793338.886][SEVERE]: Timed out receiving message from renderer: 0.100
[1588793338.988][SEVERE]: Timed out receiving message from renderer: 0.100
[1588793339.091][SEVERE]: Timed out receiving message from renderer: 0.100
[1588793339.194][SEVERE]: Timed out receiving message from renderer: 0.100
[1588793339.296][SEVERE]: Timed out receiving message from renderer: 0.100
[1588793339.399][SEVERE]: Timed out receiving message from renderer: 0.100
[1588793339.502][SEVERE]: Timed out receiving message from renderer: 0.100
[1588793339.607][SEVERE]: Timed out receiving message from renderer: 0.100
[1588793339.709][SEVERE]: Timed out receiving message from renderer: 0.100
[1588793339.811][SEVERE]: Timed out receiving message from renderer: 0.100
[1588793339.913][SEVERE]: Timed out receiving message from renderer: 0.100
[1588793340.014][SEVERE]: Timed out receiving message from renderer: 0.100
[1588793340.115][SEVERE]: Timed out receiving message from renderer: 0.100
[1588793340.218][SEVERE]: Timed out receiving message from renderer: 0.100
[1588793340.321][SEVERE]: Timed out receiving message from renderer: 0.100
[1588793340.423][SEVERE]: Timed out receiving message from renderer: 0.100
[1588793340.525][SEVERE]: Timed out receiving message from renderer: 0.100
[1588793340.628][SEVERE]: Timed out receiving message from renderer: 0.100
[1588793340.734][SEVERE]: Timed out receiving message from renderer: 0.100
[1588793340.898][SEVERE]: Timed out receiving message from renderer: 0.100
[1588793341.000][SEVERE]: Timed out receiving message from renderer: 0.100
[1588793341.103][SEVERE]: Timed out receiving message from renderer: 0.100
[1588793341.208][SEVERE]: Timed out receiving message from renderer: 0.100
[1588793341.310][SEVERE]: Timed out receiving message from renderer: 0.100
[1588793341.412][SEVERE]: Timed out receiving message from renderer: 0.100
[1588793341.515][SEVERE]: Timed out receiving message from renderer: 0.100
[1588793341.617][SEVERE]: Timed out receiving message from renderer: 0.100
[1588793341.718][SEVERE]: Timed out receiving message from renderer: 0.100
[1588793341.819][SEVERE]: Timed out receiving message from renderer: 0.100
[1588793341.921][SEVERE]: Timed out receiving message from renderer: 0.100
[1588793342.023][SEVERE]: Timed out receiving message from renderer: 0.100
[1588793342.124][SEVERE]: Timed out receiving message from renderer: 0.100
[1588793342.226][SEVERE]: Timed out receiving message from renderer: 0.100
[1588793342.327][SEVERE]: Timed out receiving message from renderer: 0.100
[1588793342.430][SEVERE]: Timed out receiving message from renderer: 0.100
[1588793342.532][SEVERE]: Timed out receiving message from renderer: 0.100
[1588793342.635][SEVERE]: Timed out receiving message from renderer: 0.100
[1588793342.736][SEVERE]: Timed out receiving message from renderer: 0.100
[1588793342.840][SEVERE]: Timed out receiving message from renderer: 0.100
[1588793342.942][SEVERE]: Timed out receiving message from renderer: 0.100
[1588793343.043][SEVERE]: Timed out receiving message from renderer: 0.100
[1588793343.146][SEVERE]: Timed out receiving message from renderer: 0.100
[1588793343.255][SEVERE]: Timed out receiving message from renderer: 0.100
[1588793343.357][SEVERE]: Timed out receiving message from renderer: 0.100
[1588793343.459][SEVERE]: Timed out receiving message from renderer: 0.100
[1588793343.561][SEVERE]: Timed out receiving message from renderer: 0.100
[1588793343.665][SEVERE]: Timed out receiving message from renderer: 0.100
[1588793343.766][SEVERE]: Timed out receiving message from renderer: 0.100
[1588793343.870][SEVERE]: Timed out receiving message from renderer: 0.100
[1588793343.972][SEVERE]: Timed out receiving message from renderer: 0.100
[1588793344.075][SEVERE]: Timed out receiving message from renderer: 0.100
[1588793344.176][SEVERE]: Timed out receiving message from renderer: 0.100
[1588793344.277][SEVERE]: Timed out receiving message from renderer: 0.100
[1588793344.381][SEVERE]: Timed out receiving message from renderer: 0.100
[1588793344.483][SEVERE]: Timed out receiving message from renderer: 0.100
[1588793344.585][SEVERE]: Timed out receiving message from renderer: 0.100
[1588793344.687][SEVERE]: Timed out receiving message from renderer: 0.100
[1588793344.789][SEVERE]: Timed out receiving message from renderer: 0.100
[1588793344.892][SEVERE]: Timed out receiving message from renderer: 0.100
[1588793344.994][SEVERE]: Timed out receiving message from renderer: 0.100
[1588793345.097][SEVERE]: Timed out receiving message from renderer: 0.100
[1588793345.201][SEVERE]: Timed out receiving message from renderer: 0.100
[1588793345.303][SEVERE]: Timed out receiving message from renderer: 0.100
[1588793345.405][SEVERE]: Timed out receiving message from renderer: 0.100
[1588793345.507][SEVERE]: Timed out receiving message from renderer: 0.100
[1588793345.610][SEVERE]: Timed out receiving message from renderer: 0.100
[1588793345.712][SEVERE]: Timed out receiving message from renderer: 0.100
[1588793345.813][SEVERE]: Timed out receiving message from renderer: 0.100
[1588793345.914][SEVERE]: Timed out receiving message from renderer: 0.100
[1588793346.018][SEVERE]: Timed out receiving message from renderer: 0.100
[1588793346.122][SEVERE]: Timed out receiving message from renderer: 0.100
[1588793346.224][SEVERE]: Timed out receiving message from renderer: 0.100
[1588793346.326][SEVERE]: Timed out receiving message from renderer: 0.100
[1588793346.430][SEVERE]: Timed out receiving message from renderer: 0.100
[1588793346.532][SEVERE]: Timed out receiving message from renderer: 0.100
[1588793346.633][SEVERE]: Timed out receiving message from renderer: 0.100
[1588793346.735][SEVERE]: Timed out receiving message from renderer: 0.100
[1588793346.837][SEVERE]: Timed out receiving message from renderer: 0.100
[1588793346.939][SEVERE]: Timed out receiving message from renderer: 0.100
[1588793347.042][SEVERE]: Timed out receiving message from renderer: 0.100
[1588793347.143][SEVERE]: Timed out receiving message from renderer: 0.100
[1588793347.246][SEVERE]: Timed out receiving message from renderer: 0.100
[1588793347.350][SEVERE]: Timed out receiving message from renderer: 0.100
[1588793347.451][SEVERE]: Timed out receiving message from renderer: 0.100
[1588793347.554][SEVERE]: Timed out receiving message from renderer: 0.100
[1588793347.656][SEVERE]: Timed out receiving message from renderer: 0.100
[1588793347.759][SEVERE]: Timed out receiving message from renderer: 0.100
[1588793347.861][SEVERE]: Timed out receiving message from renderer: 0.100
[1588793347.963][SEVERE]: Timed out receiving message from renderer: 0.100
[1588793348.065][SEVERE]: Timed out receiving message from renderer: 0.100
[1588793348.169][SEVERE]: Timed out receiving message from renderer: 0.100
[1588793348.271][SEVERE]: Timed out receiving message from renderer: 0.100
[1588793348.375][SEVERE]: Timed out receiving message from renderer: 0.100
[1588793348.477][SEVERE]: Timed out receiving message from renderer: 0.100
[1588793348.578][SEVERE]: Timed out receiving message from renderer: 0.100
[1588793348.680][SEVERE]: Timed out receiving message from renderer: 0.100
[1588793348.782][SEVERE]: Timed out receiving message from renderer: 0.100
[1588793348.885][SEVERE]: Timed out receiving message from renderer: 0.100
[1588793348.988][SEVERE]: Timed out receiving message from renderer: 0.100
[1588793349.091][SEVERE]: Timed out receiving message from renderer: 0.100
[1588793349.192][SEVERE]: Timed out receiving message from renderer: 0.100
[1588793349.293][SEVERE]: Timed out receiving message from renderer: 0.100
[1588793349.395][SEVERE]: Timed out receiving message from renderer: 0.100
[1588793349.497][SEVERE]: Timed out receiving message from renderer: 0.100
[1588793349.598][SEVERE]: Timed out receiving message from renderer: 0.100
[1588793349.702][SEVERE]: Timed out receiving message from renderer: 0.100
[1588793349.804][SEVERE]: Timed out receiving message from renderer: 0.100
[1588793349.906][SEVERE]: Timed out receiving message from renderer: 0.100
[1588793350.009][SEVERE]: Timed out receiving message from renderer: 0.100
[1588793350.111][SEVERE]: Timed out receiving message from renderer: 0.100
[1588793350.213][SEVERE]: Timed out receiving message from renderer: 0.100
[1588793350.316][SEVERE]: Timed out receiving message from renderer: 0.100
[1588793350.418][SEVERE]: Timed out receiving message from renderer: 0.100
[1588793350.520][SEVERE]: Timed out receiving message from renderer: 0.100
[1588793350.623][SEVERE]: Timed out receiving message from renderer: 0.100
[1588793350.725][SEVERE]: Timed out receiving message from renderer: 0.100
[1588793350.827][SEVERE]: Timed out receiving message from renderer: 0.100
[1588793350.928][SEVERE]: Timed out receiving message from renderer: 0.100
[1588793351.031][SEVERE]: Timed out receiving message from renderer: 0.100
[1588793351.134][SEVERE]: Timed out receiving message from renderer: 0.100
[1588793351.236][SEVERE]: Timed out receiving message from renderer: 0.100
[1588793351.339][SEVERE]: Timed out receiving message from renderer: 0.100
[1588793351.441][SEVERE]: Timed out receiving message from renderer: 0.100
[1588793351.543][SEVERE]: Timed out receiving message from renderer: 0.100
[1588793351.646][SEVERE]: Timed out receiving message from renderer: 0.100
[1588793351.749][SEVERE]: Timed out receiving message from renderer: 0.100
[1588793351.853][SEVERE]: Timed out receiving message from renderer: 0.100
[1588793351.954][SEVERE]: Timed out receiving message from renderer: 0.100
[1588793352.057][SEVERE]: Timed out receiving message from renderer: 0.100
[1588793352.159][SEVERE]: Timed out receiving message from renderer: 0.100
[1588793352.265][SEVERE]: Timed out receiving message from renderer: 0.100
[1588793352.369][SEVERE]: Timed out receiving message from renderer: 0.100
[1588793352.471][SEVERE]: Timed out receiving message from renderer: 0.100
[1588793352.573][SEVERE]: Timed out receiving message from renderer: 0.100
